<?xml version="1.0" encoding="UTF-8"?>
<coverage generated="1786473479312" clover="3.2.0">
  <project timestamp="1786473479312" name="All files">
    <metrics statements="47" coveredstatements="46" conditionals="63" coveredconditionals="54" methods="11" coveredmethods="10" elements="121" coveredelements="110" complexity="0" loc="47" ncloc="47" packages="4" files="5" classes="5"/>
    <package name="components.ui">
      <metrics statements="29" coveredstatements="28" conditionals="51" coveredconditionals="46" methods="6" coveredmethods="5"/>
      <file name="Button.tsx" path="C:\Users\mohammad  hussain\.gemini\antigravity\scratch\Camcrew\camcrew-app\src\components\ui\Button.tsx">
        <metrics statements="23" coveredstatements="23" conditionals="32" coveredconditionals="28" methods="4" coveredmethods="4"/>
        <line num="18" count="1" type="stmt"/>
        <line num="29" count="11" type="stmt"/>
        <line num="31" count="11" type="stmt"/>
        <line num="32" count="1" type="cond" truecount="3" falsecount="1"/>
        <line num="33" count="1" type="stmt"/>
        <line num="34" count="1" type="stmt"/>
        <line num="36" count="1" type="stmt"/>
        <line num="39" count="11" type="stmt"/>
        <line num="40" count="11" type="cond" truecount="6" falsecount="0"/>
        <line num="42" count="7" type="stmt"/>
        <line num="53" count="1" type="stmt"/>
        <line num="62" count="1" type="stmt"/>
        <line num="71" count="1" type="stmt"/>
        <line num="77" count="1" type="stmt"/>
        <line num="84" count="11" type="stmt"/>
        <line num="85" count="11" type="cond" truecount="4" falsecount="0"/>
        <line num="87" count="1" type="stmt"/>
        <line num="89" count="1" type="stmt"/>
        <line num="92" count="9" type="stmt"/>
        <line num="96" count="11" type="stmt"/>
        <line num="97" count="11" type="stmt"/>
        <line num="99" count="11" type="stmt"/>
        <line num="126" count="1" type="stmt"/>
      </file>
      <file name="Input.tsx" path="C:\Users\mohammad  hussain\.gemini\antigravity\scratch\Camcrew\camcrew-app\src\components\ui\Input.tsx">
        <metrics statements="6" coveredstatements="5" conditionals="19" coveredconditionals="18" methods="2" coveredmethods="1"/>
        <line num="13" count="1" type="stmt"/>
        <line num="21" count="3" type="stmt"/>
        <line num="22" count="3" type="stmt"/>
        <line num="24" count="3" type="stmt"/>
        <line num="52" count="0" type="stmt"/>
        <line num="67" count="1" type="stmt"/>
      </file>
    </package>
    <package name="constants">
      <metrics statements="2" coveredstatements="2" conditionals="0" coveredconditionals="0" methods="0" coveredmethods="0"/>
      <file name="theme.ts" path="C:\Users\mohammad  hussain\.gemini\antigravity\scratch\Camcrew\camcrew-app\src\constants\theme.ts">
        <metrics statements="2" coveredstatements="2" conditionals="0" coveredconditionals="0" methods="0" coveredmethods="0"/>
        <line num="1" count="3" type="stmt"/>
        <line num="28" count="3" type="stmt"/>
      </file>
    </package>
    <package name="hooks">
      <metrics statements="3" coveredstatements="3" conditionals="0" coveredconditionals="0" methods="1" coveredmethods="1"/>
      <file name="useTheme.ts" path="C:\Users\mohammad  hussain\.gemini\antigravity\scratch\Camcrew\camcrew-app\src\hooks\useTheme.ts">
        <metrics statements="3" coveredstatements="3" conditionals="0" coveredconditionals="0" methods="1" coveredmethods="1"/>
        <line num="3" count="2" type="stmt"/>
        <line num="4" count="14" type="stmt"/>
        <line num="5" count="14" type="stmt"/>
      </file>
    </package>
    <package name="store">
      <metrics statements="13" coveredstatements="13" conditionals="12" coveredconditionals="8" methods="4" coveredmethods="4"/>
      <file name="themeStore.ts" path="C:\Users\mohammad  hussain\.gemini\antigravity\scratch\Camcrew\camcrew-app\src\store\themeStore.ts">
        <metrics statements="13" coveredstatements="13" conditionals="12" coveredconditionals="8" methods="4" coveredmethods="4"/>
        <line num="13" count="3" type="stmt"/>
        <line num="17" count="2" type="cond" truecount="2" falsecount="0"/>
        <line num="18" count="2" type="cond" truecount="2" falsecount="0"/>
        <line num="19" count="2" type="stmt"/>
        <line num="20" count="2" type="stmt"/>
        <line num="23" count="1" type="cond" truecount="1" falsecount="1"/>
        <line num="24" count="1" type="stmt"/>
        <line num="25" count="1" type="stmt"/>
        <line num="28" count="2" type="stmt"/>
        <line num="29" count="2" type="stmt"/>
        <line num="30" count="1" type="cond" truecount="2" falsecount="2"/>
        <line num="31" count="1" type="cond" truecount="1" falsecount="1"/>
        <line num="34" count="1" type="stmt"/>
      </file>
    </package>
  </project>
</coverage>
