{"C:\\Users\\mohammad  hussain\\.gemini\\antigravity\\scratch\\Camcrew\\camcrew-app\\src\\components\\ui\\Button.tsx": {"path":"C:\\Users\\mohammad  hussain\\.gemini\\antigravity\\scratch\\Camcrew\\camcrew-app\\src\\components\\ui\\Button.tsx","statementMap":{"0":{"start":{"line":18,"column":45},"end":{"line":124,"column":1}},"1":{"start":{"line":29,"column":29},"end":{"line":29,"column":39}},"2":{"start":{"line":31,"column":22},"end":{"line":37,"column":3}},"3":{"start":{"line":32,"column":4},"end":{"line":32,"column":36}},"4":{"start":{"line":32,"column":29},"end":{"line":32,"column":36}},"5":{"start":{"line":33,"column":4},"end":{"line":35,"column":18}},"6":{"start":{"line":34,"column":6},"end":{"line":34,"column":61}},"7":{"start":{"line":36,"column":4},"end":{"line":36,"column":14}},"8":{"start":{"line":39,"column":27},"end":{"line":82,"column":3}},"9":{"start":{"line":40,"column":4},"end":{"line":81,"column":5}},"10":{"start":{"line":42,"column":8},"end":{"line":51,"column":10}},"11":{"start":{"line":53,"column":8},"end":{"line":60,"column":10}},"12":{"start":{"line":62,"column":8},"end":{"line":69,"column":10}},"13":{"start":{"line":71,"column":8},"end":{"line":74,"column":10}},"14":{"start":{"line":77,"column":8},"end":{"line":80,"column":10}},"15":{"start":{"line":84,"column":25},"end":{"line":94,"column":3}},"16":{"start":{"line":85,"column":4},"end":{"line":93,"column":5}},"17":{"start":{"line":87,"column":8},"end":{"line":87,"column":78}},"18":{"start":{"line":89,"column":8},"end":{"line":89,"column":80}},"19":{"start":{"line":92,"column":8},"end":{"line":92,"column":80}},"20":{"start":{"line":96,"column":18},"end":{"line":96,"column":36}},"21":{"start":{"line":97,"column":18},"end":{"line":97,"column":34}},"22":{"start":{"line":99,"column":2},"end":{"line":123,"column":4}},"23":{"start":{"line":126,"column":15},"end":{"line":138,"column":2}}},"fnMap":{"0":{"name":"(anonymous_0)","decl":{"start":{"line":18,"column":45},"end":{"line":18,"column":46}},"loc":{"start":{"line":28,"column":6},"end":{"line":124,"column":1}},"line":28},"1":{"name":"(anonymous_1)","decl":{"start":{"line":31,"column":22},"end":{"line":31,"column":23}},"loc":{"start":{"line":31,"column":28},"end":{"line":37,"column":3}},"line":31},"2":{"name":"(anonymous_2)","decl":{"start":{"line":39,"column":27},"end":{"line":39,"column":28}},"loc":{"start":{"line":39,"column":76},"end":{"line":82,"column":3}},"line":39},"3":{"name":"(anonymous_3)","decl":{"start":{"line":84,"column":25},"end":{"line":84,"column":26}},"loc":{"start":{"line":84,"column":42},"end":{"line":94,"column":3}},"line":84}},"branchMap":{"0":{"loc":{"start":{"line":21,"column":2},"end":{"line":21,"column":21}},"type":"default-arg","locations":[{"start":{"line":21,"column":12},"end":{"line":21,"column":21}}],"line":21},"1":{"loc":{"start":{"line":22,"column":2},"end":{"line":22,"column":13}},"type":"default-arg","locations":[{"start":{"line":22,"column":9},"end":{"line":22,"column":13}}],"line":22},"2":{"loc":{"start":{"line":23,"column":2},"end":{"line":23,"column":17}},"type":"default-arg","locations":[{"start":{"line":23,"column":12},"end":{"line":23,"column":17}}],"line":23},"3":{"loc":{"start":{"line":24,"column":2},"end":{"line":24,"column":18}},"type":"default-arg","locations":[{"start":{"line":24,"column":13},"end":{"line":24,"column":18}}],"line":24},"4":{"loc":{"start":{"line":32,"column":4},"end":{"line":32,"column":36}},"type":"if","locations":[{"start":{"line":32,"column":4},"end":{"line":32,"column":36}},{"start":{},"end":{}}],"line":32},"5":{"loc":{"start":{"line":32,"column":8},"end":{"line":32,"column":27}},"type":"binary-expr","locations":[{"start":{"line":32,"column":8},"end":{"line":32,"column":16}},{"start":{"line":32,"column":20},"end":{"line":32,"column":27}}],"line":32},"6":{"loc":{"start":{"line":40,"column":4},"end":{"line":81,"column":5}},"type":"switch","locations":[{"start":{"line":41,"column":6},"end":{"line":51,"column":10}},{"start":{"line":52,"column":6},"end":{"line":60,"column":10}},{"start":{"line":61,"column":6},"end":{"line":69,"column":10}},{"start":{"line":70,"column":6},"end":{"line":74,"column":10}},{"start":{"line":75,"column":6},"end":{"line":75,"column":19}},{"start":{"line":76,"column":6},"end":{"line":80,"column":10}}],"line":40},"7":{"loc":{"start":{"line":46,"column":27},"end":{"line":46,"column":46}},"type":"cond-expr","locations":[{"start":{"line":46,"column":36},"end":{"line":46,"column":40}},{"start":{"line":46,"column":43},"end":{"line":46,"column":46}}],"line":46},"8":{"loc":{"start":{"line":50,"column":25},"end":{"line":50,"column":55}},"type":"cond-expr","locations":[{"start":{"line":50,"column":34},"end":{"line":50,"column":43}},{"start":{"line":50,"column":46},"end":{"line":50,"column":55}}],"line":50},"9":{"loc":{"start":{"line":55,"column":29},"end":{"line":55,"column":72}},"type":"cond-expr","locations":[{"start":{"line":55,"column":38},"end":{"line":55,"column":56}},{"start":{"line":55,"column":59},"end":{"line":55,"column":72}}],"line":55},"10":{"loc":{"start":{"line":85,"column":4},"end":{"line":93,"column":5}},"type":"switch","locations":[{"start":{"line":86,"column":6},"end":{"line":87,"column":78}},{"start":{"line":88,"column":6},"end":{"line":89,"column":80}},{"start":{"line":90,"column":6},"end":{"line":90,"column":16}},{"start":{"line":91,"column":6},"end":{"line":92,"column":80}}],"line":85},"11":{"loc":{"start":{"line":103,"column":16},"end":{"line":103,"column":35}},"type":"binary-expr","locations":[{"start":{"line":103,"column":16},"end":{"line":103,"column":24}},{"start":{"line":103,"column":28},"end":{"line":103,"column":35}}],"line":103},"12":{"loc":{"start":{"line":108,"column":8},"end":{"line":108,"column":35}},"type":"binary-expr","locations":[{"start":{"line":108,"column":8},"end":{"line":108,"column":16}},{"start":{"line":108,"column":20},"end":{"line":108,"column":35}}],"line":108},"13":{"loc":{"start":{"line":112,"column":7},"end":{"line":121,"column":7}},"type":"cond-expr","locations":[{"start":{"line":113,"column":8},"end":{"line":113,"column":69}},{"start":{"line":115,"column":8},"end":{"line":120,"column":11}}],"line":112},"14":{"loc":{"start":{"line":117,"column":51},"end":{"line":117,"column":82}},"type":"cond-expr","locations":[{"start":{"line":117,"column":58},"end":{"line":117,"column":75}},{"start":{"line":117,"column":78},"end":{"line":117,"column":82}}],"line":117}},"s":{"0":1,"1":11,"2":11,"3":1,"4":0,"5":1,"6":1,"7":1,"8":11,"9":11,"10":7,"11":1,"12":1,"13":1,"14":1,"15":11,"16":11,"17":1,"18":1,"19":9,"20":11,"21":11,"22":11,"23":1},"f":{"0":11,"1":1,"2":11,"3":11},"b":{"0":[7],"1":[9],"2":[10],"3":[10],"4":[0,1],"5":[1,1],"6":[7,1,1,1,1,1],"7":[7,0],"8":[7,0],"9":[1,0],"10":[1,1,9,9],"11":[11,10],"12":[11,1],"13":[1,10],"14":[1,9]},"_coverageSchema":"1a1c01bbd47fc00a2c39e90264f33305004495a9","hash":"a41ad29c46234bf7cb8c07c530fb0275c63baaf2"}
,"C:\\Users\\mohammad  hussain\\.gemini\\antigravity\\scratch\\Camcrew\\camcrew-app\\src\\components\\ui\\Input.tsx": {"path":"C:\\Users\\mohammad  hussain\\.gemini\\antigravity\\scratch\\Camcrew\\camcrew-app\\src\\components\\ui\\Input.tsx","statementMap":{"0":{"start":{"line":13,"column":43},"end":{"line":65,"column":1}},"1":{"start":{"line":21,"column":29},"end":{"line":21,"column":39}},"2":{"start":{"line":22,"column":42},"end":{"line":22,"column":57}},"3":{"start":{"line":24,"column":2},"end":{"line":64,"column":4}},"4":{"start":{"line":52,"column":27},"end":{"line":52,"column":57}},"5":{"start":{"line":67,"column":15},"end":{"line":103,"column":2}}},"fnMap":{"0":{"name":"(anonymous_0)","decl":{"start":{"line":13,"column":43},"end":{"line":13,"column":44}},"loc":{"start":{"line":20,"column":6},"end":{"line":65,"column":1}},"line":20},"1":{"name":"(anonymous_1)","decl":{"start":{"line":52,"column":21},"end":{"line":52,"column":22}},"loc":{"start":{"line":52,"column":27},"end":{"line":52,"column":57}},"line":52}},"branchMap":{"0":{"loc":{"start":{"line":17,"column":2},"end":{"line":17,"column":20}},"type":"default-arg","locations":[{"start":{"line":17,"column":15},"end":{"line":17,"column":20}}],"line":17},"1":{"loc":{"start":{"line":26,"column":7},"end":{"line":26,"column":92}},"type":"binary-expr","locations":[{"start":{"line":26,"column":7},"end":{"line":26,"column":12}},{"start":{"line":26,"column":16},"end":{"line":26,"column":92}}],"line":26},"2":{"loc":{"start":{"line":32,"column":25},"end":{"line":32,"column":62}},"type":"cond-expr","locations":[{"start":{"line":32,"column":33},"end":{"line":32,"column":46}},{"start":{"line":32,"column":49},"end":{"line":32,"column":62}}],"line":32},"3":{"loc":{"start":{"line":36,"column":9},"end":{"line":36,"column":77}},"type":"binary-expr","locations":[{"start":{"line":36,"column":9},"end":{"line":36,"column":17}},{"start":{"line":36,"column":21},"end":{"line":36,"column":77}}],"line":36},"4":{"loc":{"start":{"line":39,"column":27},"end":{"line":39,"column":54}},"type":"binary-expr","locations":[{"start":{"line":39,"column":27},"end":{"line":39,"column":37}},{"start":{"line":39,"column":41},"end":{"line":39,"column":54}}],"line":39},"5":{"loc":{"start":{"line":43,"column":12},"end":{"line":43,"column":49}},"type":"cond-expr","locations":[{"start":{"line":43,"column":23},"end":{"line":43,"column":42}},{"start":{"line":43,"column":45},"end":{"line":43,"column":49}}],"line":43},"6":{"loc":{"start":{"line":44,"column":12},"end":{"line":44,"column":52}},"type":"cond-expr","locations":[{"start":{"line":44,"column":25},"end":{"line":44,"column":45}},{"start":{"line":44,"column":48},"end":{"line":44,"column":52}}],"line":44},"7":{"loc":{"start":{"line":49,"column":9},"end":{"line":60,"column":9}},"type":"binary-expr","locations":[{"start":{"line":49,"column":9},"end":{"line":49,"column":19}},{"start":{"line":50,"column":10},"end":{"line":59,"column":29}}],"line":49},"8":{"loc":{"start":{"line":54,"column":13},"end":{"line":58,"column":13}},"type":"cond-expr","locations":[{"start":{"line":55,"column":14},"end":{"line":55,"column":63}},{"start":{"line":57,"column":14},"end":{"line":57,"column":60}}],"line":54},"9":{"loc":{"start":{"line":62,"column":7},"end":{"line":62,"column":89}},"type":"binary-expr","locations":[{"start":{"line":62,"column":7},"end":{"line":62,"column":12}},{"start":{"line":62,"column":16},"end":{"line":62,"column":89}}],"line":62}},"s":{"0":1,"1":3,"2":3,"3":3,"4":0,"5":1},"f":{"0":3,"1":0},"b":{"0":[2],"1":[3,2],"2":[1,2],"3":[3,1],"4":[3,1],"5":[1,2],"6":[1,2],"7":[3,1],"8":[0,1],"9":[3,1]},"_coverageSchema":"1a1c01bbd47fc00a2c39e90264f33305004495a9","hash":"70a7f1f5ef49b867972e0b49b8113744a4026d7e"}
,"C:\\Users\\mohammad  hussain\\.gemini\\antigravity\\scratch\\Camcrew\\camcrew-app\\src\\constants\\theme.ts": {"path":"C:\\Users\\mohammad  hussain\\.gemini\\antigravity\\scratch\\Camcrew\\camcrew-app\\src\\constants\\theme.ts","statementMap":{"0":{"start":{"line":1,"column":25},"end":{"line":26,"column":1}},"1":{"start":{"line":28,"column":26},"end":{"line":53,"column":1}}},"fnMap":{},"branchMap":{},"s":{"0":3,"1":3},"f":{},"b":{},"_coverageSchema":"1a1c01bbd47fc00a2c39e90264f33305004495a9","hash":"e07232869f52bd67c6ff925c8a9be5dbc9e98575"}
,"C:\\Users\\mohammad  hussain\\.gemini\\antigravity\\scratch\\Camcrew\\camcrew-app\\src\\hooks\\useTheme.ts": {"path":"C:\\Users\\mohammad  hussain\\.gemini\\antigravity\\scratch\\Camcrew\\camcrew-app\\src\\hooks\\useTheme.ts","statementMap":{"0":{"start":{"line":3,"column":24},"end":{"line":12,"column":1}},"1":{"start":{"line":4,"column":50},"end":{"line":4,"column":65}},"2":{"start":{"line":5,"column":2},"end":{"line":11,"column":4}}},"fnMap":{"0":{"name":"(anonymous_0)","decl":{"start":{"line":3,"column":24},"end":{"line":3,"column":25}},"loc":{"start":{"line":3,"column":30},"end":{"line":12,"column":1}},"line":3}},"branchMap":{},"s":{"0":2,"1":14,"2":14},"f":{"0":14},"b":{},"_coverageSchema":"1a1c01bbd47fc00a2c39e90264f33305004495a9","hash":"dcbadd283ce451a674f6d96346b0ebb3b6fb04b0"}
,"C:\\Users\\mohammad  hussain\\.gemini\\antigravity\\scratch\\Camcrew\\camcrew-app\\src\\store\\themeStore.ts": {"path":"C:\\Users\\mohammad  hussain\\.gemini\\antigravity\\scratch\\Camcrew\\camcrew-app\\src\\store\\themeStore.ts","statementMap":{"0":{"start":{"line":13,"column":29},"end":{"line":37,"column":3}},"1":{"start":{"line":13,"column":63},"end":{"line":37,"column":1}},"2":{"start":{"line":17,"column":21},"end":{"line":17,"column":61}},"3":{"start":{"line":18,"column":23},"end":{"line":18,"column":67}},"4":{"start":{"line":19,"column":4},"end":{"line":19,"column":48}},"5":{"start":{"line":20,"column":4},"end":{"line":20,"column":59}},"6":{"start":{"line":23,"column":23},"end":{"line":23,"column":63}},"7":{"start":{"line":24,"column":4},"end":{"line":24,"column":38}},"8":{"start":{"line":25,"column":4},"end":{"line":25,"column":55}},"9":{"start":{"line":28,"column":4},"end":{"line":35,"column":5}},"10":{"start":{"line":29,"column":20},"end":{"line":29,"column":64}},"11":{"start":{"line":30,"column":6},"end":{"line":32,"column":7}},"12":{"start":{"line":31,"column":8},"end":{"line":31,"column":80}},"13":{"start":{"line":34,"column":6},"end":{"line":34,"column":54}}},"fnMap":{"0":{"name":"(anonymous_0)","decl":{"start":{"line":13,"column":48},"end":{"line":13,"column":49}},"loc":{"start":{"line":13,"column":63},"end":{"line":37,"column":1}},"line":13},"1":{"name":"(anonymous_1)","decl":{"start":{"line":16,"column":15},"end":{"line":16,"column":16}},"loc":{"start":{"line":16,"column":27},"end":{"line":21,"column":3}},"line":16},"2":{"name":"(anonymous_2)","decl":{"start":{"line":22,"column":12},"end":{"line":22,"column":13}},"loc":{"start":{"line":22,"column":46},"end":{"line":26,"column":3}},"line":22},"3":{"name":"(anonymous_3)","decl":{"start":{"line":27,"column":13},"end":{"line":27,"column":14}},"loc":{"start":{"line":27,"column":25},"end":{"line":36,"column":3}},"line":27}},"branchMap":{"0":{"loc":{"start":{"line":17,"column":21},"end":{"line":17,"column":61}},"type":"cond-expr","locations":[{"start":{"line":17,"column":45},"end":{"line":17,"column":52}},{"start":{"line":17,"column":55},"end":{"line":17,"column":61}}],"line":17},"1":{"loc":{"start":{"line":18,"column":23},"end":{"line":18,"column":67}},"type":"cond-expr","locations":[{"start":{"line":18,"column":45},"end":{"line":18,"column":54}},{"start":{"line":18,"column":57},"end":{"line":18,"column":67}}],"line":18},"2":{"loc":{"start":{"line":23,"column":23},"end":{"line":23,"column":63}},"type":"cond-expr","locations":[{"start":{"line":23,"column":41},"end":{"line":23,"column":50}},{"start":{"line":23,"column":53},"end":{"line":23,"column":63}}],"line":23},"3":{"loc":{"start":{"line":30,"column":6},"end":{"line":32,"column":7}},"type":"if","locations":[{"start":{"line":30,"column":6},"end":{"line":32,"column":7}},{"start":{},"end":{}}],"line":30},"4":{"loc":{"start":{"line":30,"column":10},"end":{"line":30,"column":47}},"type":"binary-expr","locations":[{"start":{"line":30,"column":10},"end":{"line":30,"column":27}},{"start":{"line":30,"column":31},"end":{"line":30,"column":47}}],"line":30},"5":{"loc":{"start":{"line":31,"column":35},"end":{"line":31,"column":76}},"type":"cond-expr","locations":[{"start":{"line":31,"column":54},"end":{"line":31,"column":63}},{"start":{"line":31,"column":66},"end":{"line":31,"column":76}}],"line":31}},"s":{"0":3,"1":3,"2":2,"3":2,"4":2,"5":2,"6":1,"7":1,"8":1,"9":2,"10":2,"11":1,"12":1,"13":1},"f":{"0":3,"1":2,"2":1,"3":2},"b":{"0":[1,1],"1":[1,1],"2":[0,1],"3":[1,0],"4":[1,0],"5":[0,1]},"_coverageSchema":"1a1c01bbd47fc00a2c39e90264f33305004495a9","hash":"63a36444f70de1878bd0bbdc159597d3ec04cf56"}
}
