TN:
SF:src\components\ui\Button.tsx
FN:18,(anonymous_0)
FN:31,(anonymous_1)
FN:39,(anonymous_2)
FN:84,(anonymous_3)
FNF:4
FNH:4
FNDA:11,(anonymous_0)
FNDA:1,(anonymous_1)
FNDA:11,(anonymous_2)
FNDA:11,(anonymous_3)
DA:18,1
DA:29,11
DA:31,11
DA:32,1
DA:33,1
DA:34,1
DA:36,1
DA:39,11
DA:40,11
DA:42,7
DA:53,1
DA:62,1
DA:71,1
DA:77,1
DA:84,11
DA:85,11
DA:87,1
DA:89,1
DA:92,9
DA:96,11
DA:97,11
DA:99,11
DA:126,1
LF:23
LH:23
BRDA:21,0,0,7
BRDA:22,1,0,9
BRDA:23,2,0,10
BRDA:24,3,0,10
BRDA:32,4,0,0
BRDA:32,4,1,1
BRDA:32,5,0,1
BRDA:32,5,1,1
BRDA:40,6,0,7
BRDA:40,6,1,1
BRDA:40,6,2,1
BRDA:40,6,3,1
BRDA:40,6,4,1
BRDA:40,6,5,1
BRDA:46,7,0,7
BRDA:46,7,1,0
BRDA:50,8,0,7
BRDA:50,8,1,0
BRDA:55,9,0,1
BRDA:55,9,1,0
BRDA:85,10,0,1
BRDA:85,10,1,1
BRDA:85,10,2,9
BRDA:85,10,3,9
BRDA:103,11,0,11
BRDA:103,11,1,10
BRDA:108,12,0,11
BRDA:108,12,1,1
BRDA:112,13,0,1
BRDA:112,13,1,10
BRDA:117,14,0,1
BRDA:117,14,1,9
BRF:32
BRH:28
end_of_record
TN:
SF:src\components\ui\Input.tsx
FN:13,(anonymous_0)
FN:52,(anonymous_1)
FNF:2
FNH:1
FNDA:3,(anonymous_0)
FNDA:0,(anonymous_1)
DA:13,1
DA:21,3
DA:22,3
DA:24,3
DA:52,0
DA:67,1
LF:6
LH:5
BRDA:17,0,0,2
BRDA:26,1,0,3
BRDA:26,1,1,2
BRDA:32,2,0,1
BRDA:32,2,1,2
BRDA:36,3,0,3
BRDA:36,3,1,1
BRDA:39,4,0,3
BRDA:39,4,1,1
BRDA:43,5,0,1
BRDA:43,5,1,2
BRDA:44,6,0,1
BRDA:44,6,1,2
BRDA:49,7,0,3
BRDA:49,7,1,1
BRDA:54,8,0,0
BRDA:54,8,1,1
BRDA:62,9,0,3
BRDA:62,9,1,1
BRF:19
BRH:18
end_of_record
TN:
SF:src\constants\theme.ts
FNF:0
FNH:0
DA:1,3
DA:28,3
LF:2
LH:2
BRF:0
BRH:0
end_of_record
TN:
SF:src\hooks\useTheme.ts
FN:3,(anonymous_0)
FNF:1
FNH:1
FNDA:14,(anonymous_0)
DA:3,2
DA:4,14
DA:5,14
LF:3
LH:3
BRF:0
BRH:0
end_of_record
TN:
SF:src\store\themeStore.ts
FN:13,(anonymous_0)
FN:16,(anonymous_1)
FN:22,(anonymous_2)
FN:27,(anonymous_3)
FNF:4
FNH:4
FNDA:3,(anonymous_0)
FNDA:2,(anonymous_1)
FNDA:1,(anonymous_2)
FNDA:2,(anonymous_3)
DA:13,3
DA:17,2
DA:18,2
DA:19,2
DA:20,2
DA:23,1
DA:24,1
DA:25,1
DA:28,2
DA:29,2
DA:30,1
DA:31,1
DA:34,1
LF:13
LH:13
BRDA:17,0,0,1
BRDA:17,0,1,1
BRDA:18,1,0,1
BRDA:18,1,1,1
BRDA:23,2,0,0
BRDA:23,2,1,1
BRDA:30,3,0,1
BRDA:30,3,1,0
BRDA:30,4,0,1
BRDA:30,4,1,0
BRDA:31,5,0,0
BRDA:31,5,1,1
BRF:12
BRH:8
end_of_record
